SF:lib/main.dart
DA:4,0
DA:5,0
DA:9,2
DA:10,1
DA:12,1
DA:15,1
DA:16,1
DA:19,1
LF:8
LH:6
end_of_record
SF:lib/home/domain/feature.dart
DA:10,1
DA:19,3
LF:2
LH:2
end_of_record
SF:lib/home/presentation/feature_card.dart
DA:8,1
DA:13,1
DA:15,1
DA:17,1
DA:18,1
DA:19,1
DA:20,3
DA:24,1
DA:25,1
DA:26,1
DA:27,1
DA:29,1
DA:30,1
DA:31,1
DA:34,1
DA:35,3
DA:36,3
DA:40,1
DA:42,1
DA:43,1
DA:45,1
DA:46,3
DA:47,1
DA:49,1
DA:50,2
DA:52,2
DA:56,1
DA:57,2
DA:58,4
DA:60,3
DA:65,1
DA:66,2
DA:67,4
DA:68,3
LF:34
LH:34
end_of_record
SF:lib/home/presentation/home_screen.dart
DA:7,1
DA:9,1
DA:11,1
DA:12,3
DA:13,1
DA:14,1
DA:16,1
DA:18,1
DA:20,1
DA:22,4
DA:24,3
DA:28,1
DA:30,4
DA:31,3
DA:35,1
DA:36,1
DA:43,2
DA:44,1
DA:45,2
DA:46,1
DA:48,0
LF:21
LH:20
end_of_record
SF:lib/router/router.dart
DA:6,3
DA:7,1
DA:8,1
DA:10,1
DA:13,1
DA:14,1
DA:16,0
LF:7
LH:6
end_of_record
SF:lib/nfc_scanner/presentation/nfc_scanner_screen.dart
DA:8,1
DA:10,0
DA:11,0
DA:17,0
DA:19,0
DA:20,0
DA:21,0
DA:22,0
DA:23,0
DA:24,0
DA:25,0
DA:26,0
DA:29,0
DA:30,0
DA:32,0
DA:35,0
DA:36,0
DA:37,0
DA:40,0
DA:41,0
DA:42,0
DA:52,0
DA:53,0
DA:56,0
DA:57,0
DA:58,0
DA:60,0
DA:61,0
DA:63,0
DA:64,0
DA:66,0
DA:67,0
DA:83,0
DA:85,0
DA:91,0
DA:92,0
DA:93,0
DA:96,0
DA:97,0
DA:110,0
DA:111,0
DA:113,0
DA:114,0
DA:116,0
DA:117,0
DA:121,0
DA:122,0
DA:131,0
DA:132,0
DA:134,0
DA:136,0
DA:139,0
DA:140,0
DA:141,0
DA:142,0
DA:161,0
DA:162,0
DA:163,0
DA:164,0
DA:165,0
DA:166,0
DA:167,0
DA:168,0
DA:169,0
DA:172,0
DA:175,0
DA:177,0
DA:180,0
DA:181,0
DA:187,0
LF:70
LH:1
end_of_record
